<?xml version="1.0" encoding="UTF-8"?>
<testng-results skipped="0" failed="0" ignored="0" total="1" passed="1">
  <reporter-output>
  </reporter-output>
  <suite name="Default suite" duration-ms="27958" started-at="2021-07-06T03:42:07Z" finished-at="2021-07-06T03:42:35Z">
    <groups>
    </groups>
    <test name="Default test" duration-ms="27958" started-at="2021-07-06T03:42:07Z" finished-at="2021-07-06T03:42:35Z">
      <class name="suite.AndroidTraining.UiSelector1">
        <test-method status="PASS" signature="UiSelector()[pri:0, instance:suite.AndroidTraining.UiSelector1@6eebc39e]" name="UiSelector" duration-ms="27907" started-at="2021-07-06T09:12:07Z" finished-at="2021-07-06T09:12:35Z">
          <reporter-output>
          </reporter-output>
        </test-method> <!-- UiSelector -->
      </class> <!-- suite.AndroidTraining.UiSelector1 -->
    </test> <!-- Default test -->
  </suite> <!-- Default suite -->
</testng-results>
