<?xml version="1.0" encoding="UTF-8"?>
<testng-results skipped="0" failed="0" ignored="0" total="1" passed="1">
  <reporter-output>
  </reporter-output>
  <suite name="Default suite" duration-ms="43043" started-at="2021-07-09T03:20:42Z" finished-at="2021-07-09T03:21:25Z">
    <groups>
    </groups>
    <test name="Default test" duration-ms="43043" started-at="2021-07-09T03:20:42Z" finished-at="2021-07-09T03:21:25Z">
      <class name="suite.AndroidTraining.SwipeTest">
        <test-method status="PASS" signature="swipe()[pri:0, instance:suite.AndroidTraining.SwipeTest@3fee9989]" name="swipe" duration-ms="42885" started-at="2021-07-09T08:50:42Z" finished-at="2021-07-09T08:51:25Z">
          <reporter-output>
          </reporter-output>
        </test-method> <!-- swipe -->
      </class> <!-- suite.AndroidTraining.SwipeTest -->
    </test> <!-- Default test -->
  </suite> <!-- Default suite -->
</testng-results>
