<?xml version="1.0" encoding="UTF-8"?>
<testng-results skipped="0" failed="0" ignored="0" total="4" passed="4">
  <reporter-output>
  </reporter-output>
  <suite name="Suite" duration-ms="29669" started-at="2021-06-30T03:27:55Z" finished-at="2021-06-30T03:28:25Z">
    <groups>
      <group name="cucumber">
        <method signature="AbstractTestNGCucumberTests.runScenario(io.cucumber.testng.PickleWrapper, io.cucumber.testng.FeatureWrapper)[pri:0, instance:runners.TestNGRunner@cb644e]" name="runScenario" class="io.cucumber.testng.AbstractTestNGCucumberTests"/>
      </group> <!-- cucumber -->
    </groups>
    <test name="Test" duration-ms="29669" started-at="2021-06-30T03:27:55Z" finished-at="2021-06-30T03:28:25Z">
      <class name="runners.TestNGRunner">
        <test-method status="PASS" signature="loadFiles()[pri:0, instance:runners.TestNGRunner@cb644e]" name="loadFiles" is-config="true" duration-ms="1059" started-at="2021-06-30T08:57:54Z" finished-at="2021-06-30T08:57:55Z">
          <reporter-output>
          </reporter-output>
        </test-method> <!-- loadFiles -->
        <test-method status="PASS" signature="setUpClass()[pri:0, instance:runners.TestNGRunner@cb644e]" name="setUpClass" is-config="true" duration-ms="1137" started-at="2021-06-30T08:57:55Z" finished-at="2021-06-30T08:57:56Z">
          <reporter-output>
          </reporter-output>
        </test-method> <!-- setUpClass -->
        <test-method status="PASS" signature="runScenario(io.cucumber.testng.PickleWrapper, io.cucumber.testng.FeatureWrapper)[pri:0, instance:runners.TestNGRunner@cb644e]" name="runScenario" duration-ms="11549" started-at="2021-06-30T08:57:56Z" description="Runs Cucumber Scenarios" data-provider="scenarios" finished-at="2021-06-30T08:58:08Z">
          <params>
            <param index="0">
              <value>
                <![CDATA["In order to verify Login validations"]]>
              </value>
            </param>
            <param index="1">
              <value>
                <![CDATA["Optional[Login]"]]>
              </value>
            </param>
          </params>
          <reporter-output>
          </reporter-output>
        </test-method> <!-- runScenario -->
        <test-method status="PASS" signature="runScenario(io.cucumber.testng.PickleWrapper, io.cucumber.testng.FeatureWrapper)[pri:0, instance:runners.TestNGRunner@cb644e]" name="runScenario" duration-ms="9388" started-at="2021-06-30T08:58:08Z" description="Runs Cucumber Scenarios" data-provider="scenarios" finished-at="2021-06-30T08:58:17Z">
          <params>
            <param index="0">
              <value>
                <![CDATA["In order to verify Login validations"]]>
              </value>
            </param>
            <param index="1">
              <value>
                <![CDATA["Optional[Login]"]]>
              </value>
            </param>
          </params>
          <reporter-output>
          </reporter-output>
        </test-method> <!-- runScenario -->
        <test-method status="PASS" signature="runScenario(io.cucumber.testng.PickleWrapper, io.cucumber.testng.FeatureWrapper)[pri:0, instance:runners.TestNGRunner@cb644e]" name="runScenario" duration-ms="4501" started-at="2021-06-30T08:58:17Z" description="Runs Cucumber Scenarios" data-provider="scenarios" finished-at="2021-06-30T08:58:21Z">
          <params>
            <param index="0">
              <value>
                <![CDATA["In order to verify Login validations"]]>
              </value>
            </param>
            <param index="1">
              <value>
                <![CDATA["Optional[Login]"]]>
              </value>
            </param>
          </params>
          <reporter-output>
          </reporter-output>
        </test-method> <!-- runScenario -->
        <test-method status="PASS" signature="runScenario(io.cucumber.testng.PickleWrapper, io.cucumber.testng.FeatureWrapper)[pri:0, instance:runners.TestNGRunner@cb644e]" name="runScenario" duration-ms="2888" started-at="2021-06-30T08:58:21Z" description="Runs Cucumber Scenarios" data-provider="scenarios" finished-at="2021-06-30T08:58:24Z">
          <params>
            <param index="0">
              <value>
                <![CDATA["In order to verify Login validations"]]>
              </value>
            </param>
            <param index="1">
              <value>
                <![CDATA["Optional[Login]"]]>
              </value>
            </param>
          </params>
          <reporter-output>
          </reporter-output>
        </test-method> <!-- runScenario -->
        <test-method status="PASS" signature="tearDownClass()[pri:0, instance:runners.TestNGRunner@cb644e]" name="tearDownClass" is-config="true" duration-ms="157" started-at="2021-06-30T08:58:24Z" finished-at="2021-06-30T08:58:25Z">
          <reporter-output>
          </reporter-output>
        </test-method> <!-- tearDownClass -->
        <test-method status="PASS" signature="tearDown()[pri:0, instance:runners.TestNGRunner@cb644e]" name="tearDown" is-config="true" duration-ms="1757" started-at="2021-06-30T08:58:25Z" finished-at="2021-06-30T08:58:26Z">
          <reporter-output>
          </reporter-output>
        </test-method> <!-- tearDown -->
      </class> <!-- runners.TestNGRunner -->
    </test> <!-- Test -->
  </suite> <!-- Suite -->
</testng-results>
